[0m16:13:25.978931 [debug] [MainThread]: Sending event: {'category': 'dbt', 'action': 'invocation', 'label': 'start', 'context': [<snowplow_tracker.self_describing_json.SelfDescribingJson object at 0x000001C28BE7A710>, <snowplow_tracker.self_describing_json.SelfDescribingJson object at 0x000001C28BE26B50>, <snowplow_tracker.self_describing_json.SelfDescribingJson object at 0x000001C288C124D0>]}


============================== 16:13:25.985398 | 928d7316-71b1-4de3-b8b1-d79ebb213889 ==============================
[0m16:13:25.985398 [info ] [MainThread]: Running with dbt=1.9.3
[0m16:13:25.986376 [debug] [MainThread]: running dbt with arguments {'printer_width': '80', 'indirect_selection': 'eager', 'write_json': 'True', 'log_cache_events': 'False', 'partial_parse': 'True', 'cache_selected_only': 'False', 'warn_error': 'None', 'fail_fast': 'False', 'version_check': 'True', 'log_path': 'logs', 'profiles_dir': 'C:\\Users\\Victor Katemana\\.dbt', 'debug': 'False', 'use_colors': 'True', 'use_experimental_parser': 'False', 'empty': 'None', 'quiet': 'False', 'no_print': 'None', 'log_format': 'default', 'introspect': 'True', 'static_parser': 'True', 'warn_error_options': 'WarnErrorOptions(include=[], exclude=[])', 'target_path': 'None', 'invocation_command': 'dbt init ebola_dbt', 'send_anonymous_usage_stats': 'True'}
[0m16:13:26.022089 [debug] [MainThread]: Starter project path: C:\Users\Victor Katemana\AppData\Local\Programs\Python\Python311\Lib\site-packages\dbt\include\starter_project
[0m16:13:26.149398 [info ] [MainThread]: 
Your new dbt project "ebola_dbt" was created!

For more information on how to configure the profiles.yml file,
please consult the dbt documentation here:

  https://docs.getdbt.com/docs/configure-your-profile

One more thing:

Need help? Don't hesitate to reach out to us via GitHub issues or on Slack:

  https://community.getdbt.com/

Happy modeling!

[0m16:13:26.150468 [info ] [MainThread]: Setting up your profile.
[0m16:16:21.463002 [info ] [MainThread]: Profile ebola_dbt written to C:\Users\Victor Katemana\.dbt\profiles.yml using target's profile_template.yml and your supplied values. Run 'dbt debug' to validate the connection.
[0m16:16:21.465522 [debug] [MainThread]: Command `dbt init` succeeded at 16:16:21.465522 after 175.70 seconds
[0m16:16:21.466542 [debug] [MainThread]: Sending event: {'category': 'dbt', 'action': 'invocation', 'label': 'end', 'context': [<snowplow_tracker.self_describing_json.SelfDescribingJson object at 0x000001C28BE7B150>, <snowplow_tracker.self_describing_json.SelfDescribingJson object at 0x000001C29CAE0690>, <snowplow_tracker.self_describing_json.SelfDescribingJson object at 0x000001C2867EAFD0>]}
[0m16:16:21.468554 [debug] [MainThread]: Flushing usage events
[0m16:16:22.739653 [debug] [MainThread]: An error was encountered while trying to flush usage events
[0m21:39:21.767068 [debug] [MainThread]: Sending event: {'category': 'dbt', 'action': 'invocation', 'label': 'start', 'context': [<snowplow_tracker.self_describing_json.SelfDescribingJson object at 0x000001CC81EB9610>, <snowplow_tracker.self_describing_json.SelfDescribingJson object at 0x000001CC81EBA990>, <snowplow_tracker.self_describing_json.SelfDescribingJson object at 0x000001CC81EB8D10>]}


============================== 21:39:21.775118 | b67d5b92-5a62-4be9-b5cb-eca8f1b49328 ==============================
[0m21:39:21.775118 [info ] [MainThread]: Running with dbt=1.9.3
[0m21:39:21.776249 [debug] [MainThread]: running dbt with arguments {'printer_width': '80', 'indirect_selection': 'eager', 'log_cache_events': 'False', 'write_json': 'True', 'partial_parse': 'True', 'cache_selected_only': 'False', 'profiles_dir': 'C:\\Users\\Victor Katemana\\.dbt', 'fail_fast': 'False', 'version_check': 'True', 'log_path': 'logs', 'debug': 'False', 'warn_error': 'None', 'use_colors': 'True', 'use_experimental_parser': 'False', 'empty': 'False', 'quiet': 'False', 'no_print': 'None', 'log_format': 'default', 'static_parser': 'True', 'invocation_command': 'dbt run', 'warn_error_options': 'WarnErrorOptions(include=[], exclude=[])', 'target_path': 'None', 'introspect': 'True', 'send_anonymous_usage_stats': 'True'}
[0m21:39:21.777288 [error] [MainThread]: Encountered an error:
Runtime Error
  No dbt_project.yml found at expected path C:\Users\Victor Katemana\Google Drive\Ebola-Data-Engineering-Pipeline\Ebola-Data-Engineering-Pipeline\dbt\dbt_project.yml
  Verify that each entry within packages.yml (and their transitive dependencies) contains a file named dbt_project.yml
  
[0m21:39:21.778288 [debug] [MainThread]: Command `dbt run` failed at 21:39:21.778288 after 0.29 seconds
[0m21:39:21.779278 [debug] [MainThread]: Sending event: {'category': 'dbt', 'action': 'invocation', 'label': 'end', 'context': [<snowplow_tracker.self_describing_json.SelfDescribingJson object at 0x000001CCFC7BB010>, <snowplow_tracker.self_describing_json.SelfDescribingJson object at 0x000001CC81EB9050>, <snowplow_tracker.self_describing_json.SelfDescribingJson object at 0x000001CC81EBA110>]}
[0m21:39:21.780255 [debug] [MainThread]: Flushing usage events
[0m21:39:23.912289 [debug] [MainThread]: An error was encountered while trying to flush usage events
